<?xml version="1.0" encoding="UTF-8"?>
<!-- Generated by org.testng.reporters.JUnitReportReporter -->
<testsuite hostname="DESKTOP-74B00N1" failures="0" tests="5" name="test.RestAssured.Parameterization" time="1.645" errors="0" timestamp="2020-07-28T13:12:23 EET" skipped="0">
  <testcase classname="test.RestAssured.Parameterization" name="test5" time="0.021"/>
  <system-out/>
  <testcase classname="test.RestAssured.Parameterization" name="test4" time="0.034"/>
  <system-out/>
  <testcase classname="test.RestAssured.Parameterization" name="test5" time="0.025"/>
  <system-out/>
  <testcase classname="test.RestAssured.Parameterization" name="test2" time="1.539"/>
  <system-out/>
  <testcase classname="test.RestAssured.Parameterization" name="test5" time="0.026"/>
  <system-out/>
</testsuite> <!-- test.RestAssured.Parameterization -->
