<?xml version="1.0" encoding="UTF-8"?>
<!-- Generated by org.testng.reporters.JUnitReportReporter -->
<testsuite hostname="DESKTOP-74B00N1" failures="0" tests="2" name="test.RestAssured.TestGet" time="2.762" errors="0" timestamp="2020-07-27T12:08:38 EET" skipped="0">
  <testcase classname="test.RestAssured.TestGet" name="test1" time="0.839"/>
  <system-out/>
  <testcase classname="test.RestAssured.TestGet" name="test" time="1.923"/>
  <system-out/>
</testsuite> <!-- test.RestAssured.TestGet -->
