<?xml version="1.0" encoding="UTF-8"?>
<!-- Generated by org.testng.reporters.JUnitReportReporter -->
<testsuite hostname="DESKTOP-74B00N1" failures="0" tests="1" name="test.RestAssured.TestPost" time="1.954" errors="0" timestamp="2020-07-27T13:01:23 EET" skipped="0">
  <testcase classname="test.RestAssured.TestPost" name="test1" time="1.954"/>
  <system-out/>
</testsuite> <!-- test.RestAssured.TestPost -->
