<?xml version="1.0" encoding="UTF-8"?>
<!-- Generated by org.testng.reporters.JUnitReportReporter -->
<testsuite hostname="DESKTOP-74B00N1" failures="0" tests="1" name="test.RestAssured.TestDelete" time="1.933" errors="0" timestamp="2020-07-27T17:13:57 EET" skipped="0">
  <testcase classname="test.RestAssured.TestDelete" name="test1" time="1.933"/>
  <system-out/>
</testsuite> <!-- test.RestAssured.TestDelete -->
