<?xml version="1.0" encoding="UTF-8"?>
<!-- Generated by org.testng.reporters.JUnitReportReporter -->
<testsuite hostname="DESKTOP-74B00N1" failures="0" tests="1" name="test.RestAssured.TestPut" time="1.892" errors="0" timestamp="2020-07-27T13:11:56 EET" skipped="0">
  <testcase classname="test.RestAssured.TestPut" name="test1" time="1.892"/>
  <system-out/>
</testsuite> <!-- test.RestAssured.TestPut -->
